<?xml version="1.0" encoding="utf-8"?><testsuites name="pytest tests"><testsuite name="pytest" errors="0" failures="0" skipped="11" tests="670" time="512.334" timestamp="2026-08-29T03:28:21.943137+05:30" hostname="LAPTOP-RVKVNDNI"><testcase classname="tests.agents.test_analysis_result" name="test_result" time="0.006" /><testcase classname="tests.agents.test_audit_result" name="test_result" time="0.004" /><testcase classname="tests.agents.test_auditor" name="test_audit_passes_for_grounded_answer" time="0.003" /><testcase classname="tests.agents.test_auditor" name="test_audit_flags_ticker_leak" time="0.004" /><testcase classname="tests.agents.test_auditor" name="test_audit_flags_citation_not_retrieved" time="0.004" /><testcase classname="tests.agents.test_auditor" name="test_audit_allows_citation_matching_retrieved_chunk" time="0.003" /><testcase classname="tests.agents.test_auditor" name="test_audit_notes_unsupported_recommendation" time="0.003" /><testcase classname="tests.agents.test_auditor" name="test_old_report_audit_still_works" time="0.003" /><testcase classname="tests.agents.test_auditor" name="test_audit_passes_when_rag_returned_nothing" time="0.003" /><testcase classname="tests.agents.test_auditor" name="test_audit_accepts_figure_from_tool_evidence" time="0.003" /><testcase classname="tests.agents.test_auditor" name="test_audit_accepts_rounded_figure" time="0.003" /><testcase classname="tests.agents.test_auditor" name="test_audit_accepts_percentage_equivalent_of_fraction" time="0.003" /><testcase classname="tests.agents.test_auditor" name="test_audit_rejects_fabricated_financial_figure" time="0.003" /><testcase classname="tests.agents.test_auditor" name="test_audit_rejects_invented_percentage" time="0.003" /><testcase classname="tests.agents.test_auditor" name="test_audit_accepts_number_quoted_from_retrieved_document" time="0.003" /><testcase classname="tests.agents.test_auditor_agent" name="test_auditor" time="0.003" /><testcase classname="tests.agents.test_auditor_agent" name="test_short_report" time="0.003" /><testcase classname="tests.agents.test_auditor_calculation" name="test_mark_issue_for_failed_calculation" time="0.004" /><testcase classname="tests.agents.test_auditor_calculation" name="test_successful_calculation_adds_sandbox_provenance_note" time="0.003" /><testcase classname="tests.agents.test_auditor_calculation" name="test_computed_number_is_grounded_in_evidence" time="0.003" /><testcase classname="tests.agents.test_auditor_calculation" name="test_invented_number_not_backed_by_sandbox_is_flagged" time="0.003" /><testcase classname="tests.agents.test_auditor_calculation" name="test_audit_result_notes_default_backwards_compatible" time="0.003" /><testcase classname="tests.agents.test_coordinator" name="test_run_price_question_executes_market_tool_only" time="4.730" /><testcase classname="tests.agents.test_coordinator" name="test_run_valuation_question_uses_financials_and_valuation" time="4.744" /><testcase classname="tests.agents.test_coordinator" name="test_run_document_question_returns_sources" time="4.049" /><testcase classname="tests.agents.test_coordinator" name="test_run_no_evidence_does_not_fabricate" time="4.016" /><testcase classname="tests.agents.test_coordinator" name="test_run_document_answer_cannot_fabricate_citation" time="4.178" /><testcase classname="tests.agents.test_coordinator" name="test_run_followup_resolves_pronoun_across_turns" time="4.342" /><testcase classname="tests.agents.test_financial_analyst" name="test_financial_analyst" time="1.006" /><testcase classname="tests.agents.test_financial_analyst" name="test_synthesize_degrades_gracefully_when_llm_unavailable" time="0.840" /><testcase classname="tests.agents.test_intents" name="test_price_question_is_market_data" time="0.003" /><testcase classname="tests.agents.test_intents" name="test_document_question_is_document_only" time="0.003" /><testcase classname="tests.agents.test_intents" name="test_document_id_forces_document_intent" time="0.002" /><testcase classname="tests.agents.test_intents" name="test_valuation_intent" time="0.002" /><testcase classname="tests.agents.test_intents" name="test_comparison_intent" time="0.003" /><testcase classname="tests.agents.test_intents" name="test_mixed_document_and_comparison" time="0.003" /><testcase classname="tests.agents.test_intents" name="test_mixed_valuation_health_risk_document" time="0.003" /><testcase classname="tests.agents.test_intents" name="test_report_generation_action" time="0.003" /><testcase classname="tests.agents.test_intents" name="test_bare_report_word_is_not_report_intent" time="0.003" /><testcase classname="tests.agents.test_planner" name="test_market_data_plan" time="0.004" /><testcase classname="tests.agents.test_planner" name="test_valuation_plan" time="0.003" /><testcase classname="tests.agents.test_planner" name="test_document_plan_uses_rag_only" time="0.004" /><testcase classname="tests.agents.test_planner" name="test_company_research_fallback" time="0.003" /><testcase classname="tests.agents.test_planner_calculation" name="test_wacc_question_plans_sandboxed_calculation" time="0.003" /><testcase classname="tests.agents.test_planner_calculation" name="test_pure_math_question_plans_only_sandbox" time="0.004" /><testcase classname="tests.agents.test_planner_calculation" name="test_npv_question_plans_sandbox_and_financials" time="0.003" /><testcase classname="tests.agents.test_planner_calculation" name="test_valuation_question_keeps_deterministic_engine" time="0.003" /><testcase classname="tests.agents.test_planner_calculation" name="test_price_question_keeps_market_tool" time="0.003" /><testcase classname="tests.agents.test_planner_calculation" name="test_document_question_stays_document_only" time="0.003" /><testcase classname="tests.agents.test_planner_calculation" name="test_wacc_not_treated_as_ticker" time="0.003" /><testcase classname="tests.agents.test_planner_selection" name="test_price_question_runs_market_data_only" time="0.003" /><testcase classname="tests.agents.test_planner_selection" name="test_undervalued_runs_financials_and_valuation" time="0.003" /><testcase classname="tests.agents.test_planner_selection" name="test_annual_report_question_runs_rag_only" time="0.003" /><testcase classname="tests.agents.test_planner_selection" name="test_financial_health_runs_health_tools" time="0.003" /><testcase classname="tests.agents.test_planner_selection" name="test_compare_runs_comparison_and_company_data" time="0.003" /><testcase classname="tests.agents.test_planner_selection" name="test_compare_with_annual_reports_adds_rag" time="0.003" /><testcase classname="tests.agents.test_planner_selection" name="test_analysis_valuation_health_risk_document" time="0.003" /><testcase classname="tests.agents.test_planner_selection" name="test_unsupported_document_question_plans_rag_without_extras" time="0.004" /><testcase classname="tests.agents.test_planner_selection" name="test_follow_up_resolves_pronoun_to_previous_ticker" time="0.003" /><testcase classname="tests.agents.test_planner_selection" name="test_follow_up_resolves_which_one" time="0.005" /><testcase classname="tests.agents.test_planner_selection" name="test_compare_nvidia_amd_mixed_uses_tools_and_rag" time="0.005" /><testcase classname="tests.agents.test_planner_selection" name="test_follow_up_inherits_ticker_without_pronoun" time="0.005" /><testcase classname="tests.agents.test_planner_selection" name="test_follow_up_does_not_leak_ticker_on_topic_switch" time="0.004" /><testcase classname="tests.agents.test_planner_selection" name="test_follow_up_switching_company_ignores_previous" time="0.003" /><testcase classname="tests.agents.test_quant" name="test_quant" time="0.004" /><testcase classname="tests.agents.test_report" name="test_report" time="0.003" /><testcase classname="tests.agents.test_report_writer" name="test_writer" time="0.004" /><testcase classname="tests.agents.test_retrieval_result" name="test_result" time="0.002" /><testcase classname="tests.agents.test_retriever" name="test_retrieve" time="0.003" /><testcase classname="tests.agents.test_task" name="test_task" time="0.003" /><testcase classname="tests.agents.test_tools" name="test_market_data_returns_structured_price" time="0.765" /><testcase classname="tests.agents.test_tools" name="test_financials_are_ticker_isolated" time="0.794" /><testcase classname="tests.agents.test_tools" name="test_valuation_returns_intrinsic_value_and_upside" time="0.862" /><testcase classname="tests.agents.test_tools" name="test_search_documents_preserves_metadata_and_filters_by_ticker" time="0.736" /><testcase classname="tests.agents.test_tools" name="test_search_documents_never_leaks_other_company" time="0.874" /><testcase classname="tests.agents.test_tools" name="test_search_documents_uses_wider_candidate_pool_when_ticker_scoped" time="0.825" /><testcase classname="tests.agents.test_tools" name="test_unknown_tool_returns_error_result" time="0.745" /><testcase classname="tests.agents.test_tools" name="test_failed_tool_does_not_raise" time="0.842" /><testcase classname="tests.agents.test_tools_calculation" name="test_run_calculation_success_through_registry" time="1.551" /><testcase classname="tests.agents.test_tools_calculation" name="test_run_calculation_context_contains_real_data" time="1.674" /><testcase classname="tests.agents.test_tools_calculation" name="test_run_calculation_without_ticker_uses_no_financial_load" time="1.747" /><testcase classname="tests.agents.test_tools_calculation" name="test_run_calculation_failure_returns_error_result" time="1.691" /><testcase classname="tests.agents.test_tools_calculation" name="test_run_calculation_unknown_ticker_does_not_raise" time="1.663" /><testcase classname="tests.agents.test_tools_calculation" name="test_run_calculation_listed_in_registry" time="1.560" /><testcase classname="tests.agents.test_workflow_result" name="test_workflow" time="0.004" /><testcase classname="tests.api.test_analyze_company" name="test_analyze_company_delegates_to_analysis_service" time="4.157" /><testcase classname="tests.api.test_analyze_company" name="test_analyze_company_validates_ticker" time="0.040" /><testcase classname="tests.api.test_api_health" name="test_health" time="0.003" /><testcase classname="tests.api.test_api_root" name="test_root" time="0.003" /><testcase classname="tests.api.test_api_version" name="test_version" time="0.003" /><testcase classname="tests.api.test_app" name="test_api" time="0.004" /><testcase classname="tests.api.test_chat_agent" name="test_chat_returns_answer_sources_and_tools" time="4.282" /><testcase classname="tests.api.test_chat_agent" name="test_chat_preserves_document_scoping" time="0.069" /><testcase classname="tests.api.test_chat_agent" name="test_chat_validates_ticker" time="4.181" /><testcase classname="tests.api.test_documents_api" name="test_document_lifecycle_and_rag_chat" time="43.111" /><testcase classname="tests.api.test_documents_api" name="test_upload_rejects_non_pdf" time="3.945" /><testcase classname="tests.api.test_rate_limiting.TestLocalMemoryBackend" name="test_increment_and_get" time="0.015" /><testcase classname="tests.api.test_rate_limiting.TestLocalMemoryBackend" name="test_reset" time="0.011" /><testcase classname="tests.api.test_rate_limiting.TestLocalMemoryBackend" name="test_expiry" time="1.123" /><testcase classname="tests.api.test_rate_limiting.TestLocalMemoryBackend" name="test_health_check" time="0.018" /><testcase classname="tests.api.test_rate_limiting.TestLocalMemoryBackend" name="test_thread_safety" time="0.194" /><testcase classname="tests.api.test_rate_limiting.TestRateLimitConfig" name="test_get_endpoint_config_chat" time="0.024" /><testcase classname="tests.api.test_rate_limiting.TestRateLimitConfig" name="test_get_endpoint_config_analyze" time="0.009" /><testcase classname="tests.api.test_rate_limiting.TestRateLimitConfig" name="test_get_endpoint_config_unknown_defaults" time="0.009" /><testcase classname="tests.api.test_rate_limiting.TestHybridRateLimiter" name="test_check_rate_limit_allowed" time="4.068" /><testcase classname="tests.api.test_rate_limiting.TestHybridRateLimiter" name="test_check_rate_limit_exceeded_minute" time="4.049" /><testcase classname="tests.api.test_rate_limiting.TestHybridRateLimiter" name="test_check_rate_limit_exceeded_hour" time="4.066" /><testcase classname="tests.api.test_rate_limiting.TestHybridRateLimiter" name="test_check_rate_limit_disabled" time="4.052" /><testcase classname="tests.api.test_rate_limiting.TestHybridRateLimiter" name="test_different_identifiers_independent" time="4.054" /><testcase classname="tests.api.test_rate_limiting.TestHybridRateLimiter" name="test_reset_limits" time="4.046" /><testcase classname="tests.api.test_rate_limiting.TestRateLimitingIntegration" name="test_chat_endpoint_rate_limit_authenticated" time="4.908" /><testcase classname="tests.api.test_rate_limiting.TestRateLimitingIntegration" name="test_chat_endpoint_rate_limit_anonymous" time="4.174" /><testcase classname="tests.api.test_rate_limiting.TestRateLimitingIntegration" name="test_analyze_endpoint_rate_limit" time="4.932" /><testcase classname="tests.api.test_rate_limiting.TestRateLimitingIntegration" name="test_documents_endpoint_rate_limit" time="4.826" /><testcase classname="tests.api.test_rate_limiting.TestRateLimitingIntegration" name="test_search_endpoint_rate_limit" time="7.532" /><testcase classname="tests.api.test_rate_limiting.TestRateLimitingIntegration" name="test_rate_limit_headers_present" time="4.965" /><testcase classname="tests.api.test_rate_limiting.TestRateLimitingIntegration" name="test_rate_limit_reset_between_windows" time="4.047" /><testcase classname="tests.api.test_rate_limiting.TestRateLimitConcurrency" name="test_concurrent_requests_local_backend" time="4.145" /><testcase classname="tests.api.test_rate_limiting.TestRateLimitConcurrency" name="test_concurrent_requests_exceed_limit" time="4.082" /><testcase classname="tests.api.test_rate_limiting.TestRateLimitingDisabled" name="test_rate_limiting_disabled_allows_all" time="8.607" /><testcase classname="tests.api.test_router" name="test_router" time="0.009" /><testcase classname="tests.api.test_schemas" name="test_request" time="0.006" /><testcase classname="tests.api.test_schemas" name="test_response" time="0.004" /><testcase classname="tests.auth.test_auth_api.TestRegistration" name="test_register_returns_created_user" time="0.704" /><testcase classname="tests.auth.test_auth_api.TestRegistration" name="test_duplicate_email_conflicts" time="0.974" /><testcase classname="tests.auth.test_auth_api.TestRegistration" name="test_invalid_email_is_rejected" time="0.177" /><testcase classname="tests.auth.test_auth_api.TestRegistration" name="test_short_password_is_rejected" time="0.151" /><testcase classname="tests.auth.test_auth_api.TestLogin" name="test_valid_credentials_return_bearer_token" time="1.200" /><testcase classname="tests.auth.test_auth_api.TestLogin" name="test_wrong_password_is_unauthorized" time="1.319" /><testcase classname="tests.auth.test_auth_api.TestLogin" name="test_unknown_user_is_unauthorized" time="0.320" /><testcase classname="tests.auth.test_auth_api.TestAuthorization" name="test_me_requires_token" time="0.180" /><testcase classname="tests.auth.test_auth_api.TestAuthorization" name="test_me_rejects_garbage_token" time="0.233" /><testcase classname="tests.auth.test_auth_api.TestAuthorization" name="test_me_returns_authenticated_profile" time="1.149" /><testcase classname="tests.auth.test_auth_api.TestAuthorization" name="test_business_endpoint_requires_authentication" time="0.425" /><testcase classname="tests.auth.test_auth_api.TestAuthorization" name="test_chat_endpoint_requires_authentication" time="0.544" /><testcase classname="tests.auth.test_auth_api.TestAuthorization" name="test_protected_endpoint_accepts_valid_token" time="7.703" /><testcase classname="tests.auth.test_auth_api.TestAuthorization" name="test_public_endpoints_stay_open" time="0.135" /><testcase classname="tests.auth.test_auth_disabled.TestAuthDisabledBackwardCompatibility" name="test_documents_endpoint_stays_anonymous" time="4.426" /><testcase classname="tests.auth.test_auth_disabled.TestAuthDisabledBackwardCompatibility" name="test_chat_endpoint_stays_anonymous" time="0.092" /><testcase classname="tests.auth.test_auth_disabled.TestAuthDisabledBackwardCompatibility" name="test_health_remains_public" time="0.086" /><testcase classname="tests.auth.test_ownership.TestDocumentOwnership" name="test_owner_sees_and_can_delete_own_document" time="10.088" /><testcase classname="tests.auth.test_ownership.TestDocumentOwnership" name="test_other_user_cannot_delete_foreign_document" time="14.096" /><testcase classname="tests.auth.test_ownership.TestDocumentOwnership" name="test_document_library_is_scoped_per_user" time="7.059" /><testcase classname="tests.auth.test_security.TestPasswordHashing" name="test_hash_and_verify_roundtrip" time="1.569" /><testcase classname="tests.auth.test_security.TestPasswordHashing" name="test_wrong_password_fails" time="1.040" /><testcase classname="tests.auth.test_security.TestPasswordHashing" name="test_salts_are_unique_per_call" time="2.157" /><testcase classname="tests.auth.test_security.TestPasswordHashing" name="test_malformed_hash_is_rejected" time="0.013" /><testcase classname="tests.auth.test_security.TestPasswordHashing" name="test_empty_password_is_rejected" time="0.003" /><testcase classname="tests.auth.test_security.TestPasswordHashing" name="test_unsupported_algorithm_in_stored_hash" time="0.010" /><testcase classname="tests.auth.test_security.TestAccessToken" name="test_roundtrip_returns_subject" time="0.010" /><testcase classname="tests.auth.test_security.TestAccessToken" name="test_wrong_secret_is_rejected" time="0.013" /><testcase classname="tests.auth.test_security.TestAccessToken" name="test_expired_token_is_rejected" time="0.022" /><testcase classname="tests.auth.test_security.TestAccessToken" name="test_tampered_token_is_rejected" time="0.010" /><testcase classname="tests.auth.test_security.TestAccessToken" name="test_garbage_token_is_rejected" time="0.019" /><testcase classname="tests.auth.test_security.TestSecretFallback" name="test_ephemeral_secret_is_stable_within_process" time="0.014" /><testcase classname="tests.auth.test_security.TestSecretFallback" name="test_configured_secret_takes_precedence" time="0.030" /><testcase classname="tests.auth.test_service.TestRegister" name="test_register_creates_active_user" time="1.100" /><testcase classname="tests.auth.test_service.TestRegister" name="test_duplicate_email_is_rejected" time="0.885" /><testcase classname="tests.auth.test_service.TestRegister" name="test_email_lookup_is_case_insensitive" time="0.583" /><testcase classname="tests.auth.test_service.TestAuthenticate" name="test_valid_credentials_return_user" time="0.718" /><testcase classname="tests.auth.test_service.TestAuthenticate" name="test_wrong_password_returns_none" time="0.802" /><testcase classname="tests.auth.test_service.TestAuthenticate" name="test_unknown_user_returns_none" time="0.076" /><testcase classname="tests.auth.test_service.TestAuthenticate" name="test_inactive_user_cannot_authenticate" time="0.795" /><testcase classname="tests.auth.test_service.TestAuthenticate" name="test_stored_password_is_hashed" time="0.395" /><testcase classname="tests.chat.test_persistence_api" name="test_chat_turn_is_persisted_and_ownership_isolated" time="2.325" /><testcase classname="tests.chat.test_persistence_api" name="test_anonymous_requests_are_isolated_when_auth_disabled" time="0.363" /><testcase classname="tests.chat.test_store" name="test_save_and_read_turn" time="0.253" /><testcase classname="tests.chat.test_store" name="test_session_is_lazy_and_reused_across_turns" time="0.241" /><testcase classname="tests.chat.test_store" name="test_ownership_isolation" time="0.235" /><testcase classname="tests.chat.test_store" name="test_anonymous_owner_isolation" time="0.391" /><testcase classname="tests.chat.test_store" name="test_pagination_newest_first" time="0.816" /><testcase classname="tests.chat.test_store" name="test_message_pagination_oldest_first" time="0.169" /><testcase classname="tests.chat.test_store" name="test_delete_session_scoped_to_owner" time="0.180" /><testcase classname="tests.chat.test_store" name="test_retention_cleanup_purges_idle_sessions" time="0.183" /><testcase classname="tests.chat.test_store" name="test_persisted_state_survives_a_restart" time="0.154" /><testcase classname="tests.chat.test_store" name="test_concurrent_get_or_create_creates_a_single_session" time="0.489" /><testcase classname="tests.clients.test_edgar_client" name="test_get_company" time="0.041" /><testcase classname="tests.clients.test_edgar_client" name="test_get_filings" time="0.052" /><testcase classname="tests.clients.test_yahoo_client" name="test_get_info" time="2.073" /><testcase classname="tests.clients.test_yahoo_client" name="test_get_history" time="0.625" /><testcase classname="tests.comparison.test_company_metric" name="test_metric" time="0.005" /><testcase classname="tests.comparison.test_comparator" name="test_compare" time="0.006" /><testcase classname="tests.comparison.test_comparison_result" name="test_result" time="0.005" /><testcase classname="tests.comparison.test_ranking" name="test_rank" time="0.003" /><testcase classname="tests.comparison.test_scorer" name="test_score" time="0.006" /><testcase classname="tests.data.test_company" name="test_company" time="0.005" /><testcase classname="tests.data.test_filing" name="test_filing" time="0.005" /><testcase classname="tests.data.test_filing_parser" name="test_parser" time="0.003" /><testcase classname="tests.data.test_filing_section" name="test_section" time="0.003" /><testcase classname="tests.data.test_financials" name="test_financials" time="0.711" /><testcase classname="tests.data.test_historical" name="test_history" time="0.298" /><testcase classname="tests.data.test_market_data" name="test_market" time="0.009" /><testcase classname="tests.data.test_quote" name="test_quote" time="0.004" /><testcase classname="tests.data.test_sec_client" name="test_sec_client" time="2.753" /><testcase classname="tests.data.test_sec_company" name="test_company" time="0.003" /><testcase classname="tests.data.test_sec_document" name="test_document" time="0.005" /><testcase classname="tests.data.test_sec_downloader" name="test_downloader" time="1.880" /><testcase classname="tests.data.test_sec_filings" name="test_filing" time="0.011" /><testcase classname="tests.data.test_sec_service" name="test_service" time="0.014" /><testcase classname="tests.embeddings.test_base_embedder" name="test_embed_text" time="0.006" /><testcase classname="tests.embeddings.test_base_embedder" name="test_embed_documents" time="0.011" /><testcase classname="tests.embeddings.test_embedding_service" name="test_embed_text" time="0.007" /><testcase classname="tests.embeddings.test_embedding_service" name="test_embed_documents" time="0.009" /><testcase classname="tests.embeddings.test_openai_embedder" name="test_embed_text" time="0.010" /><testcase classname="tests.embeddings.test_openai_embedder" name="test_embed_documents" time="0.013" /><testcase classname="tests.financial.test_altman" name="test_altman_score" time="0.003" /><testcase classname="tests.financial.test_altman" name="test_safe_zone" time="0.006" /><testcase classname="tests.financial.test_altman" name="test_grey_zone" time="0.007" /><testcase classname="tests.financial.test_altman" name="test_distress_zone" time="0.003" /><testcase classname="tests.financial.test_altman" name="test_invalid_assets" time="0.007" /><testcase classname="tests.financial.test_analysis" name="test_analysis_engine" time="0.004" /><testcase classname="tests.financial.test_beneish" name="test_beneish_score" time="0.003" /><testcase classname="tests.financial.test_beneish" name="test_low_risk" time="0.006" /><testcase classname="tests.financial.test_beneish" name="test_high_risk" time="0.006" /><testcase classname="tests.financial.test_dcf" name="test_intrinsic_value" time="0.009" /><testcase classname="tests.financial.test_dcf" name="test_invalid_discount_rate" time="0.006" /><testcase classname="tests.financial.test_dcf" name="test_invalid_shares" time="0.012" /><testcase classname="tests.financial.test_growth" name="test_growth_rate" time="0.008" /><testcase classname="tests.financial.test_growth" name="test_revenue_growth" time="0.006" /><testcase classname="tests.financial.test_growth" name="test_earnings_growth" time="0.007" /><testcase classname="tests.financial.test_growth" name="test_fcf_growth" time="0.005" /><testcase classname="tests.financial.test_growth" name="test_cagr" time="0.006" /><testcase classname="tests.financial.test_health" name="test_excellent" time="0.005" /><testcase classname="tests.financial.test_health" name="test_good" time="0.006" /><testcase classname="tests.financial.test_health" name="test_fair" time="0.004" /><testcase classname="tests.financial.test_model" name="test_financial_statement" time="0.007" /><testcase classname="tests.financial.test_piotroski" name="test_perfect_score" time="0.003" /><testcase classname="tests.financial.test_piotroski" name="test_zero_score" time="0.003" /><testcase classname="tests.financial.test_piotroski" name="test_partial_score" time="0.006" /><testcase classname="tests.financial.test_ratio_engine" name="test_ratio_engine" time="0.003" /><testcase classname="tests.financial.test_ratio_engine" name="test_ratio_engine_zero_denominators_safe" time="0.003" /><testcase classname="tests.financial.test_ratio_engine" name="test_financial_ratios_value_object" time="0.008" /><testcase classname="tests.financial.test_ratios" name="test_debt_to_equity" time="0.005" /><testcase classname="tests.financial.test_ratios" name="test_roa" time="0.003" /><testcase classname="tests.financial.test_ratios" name="test_roe" time="0.005" /><testcase classname="tests.financial.test_ratios" name="test_operating_margin" time="0.005" /><testcase classname="tests.financial.test_ratios" name="test_net_margin" time="0.005" /><testcase classname="tests.financial.test_valuation" name="test_valuation_engine" time="0.007" /><testcase classname="tests.financial.test_wacc" name="test_cost_of_equity" time="0.020" /><testcase classname="tests.financial.test_wacc" name="test_after_tax_cost_of_debt" time="0.019" /><testcase classname="tests.financial.test_wacc" name="test_wacc" time="0.017" /><testcase classname="tests.financial.test_wacc" name="test_invalid_capital" time="0.002" /><testcase classname="tests.infrastructure.test_chroma" name="test_chroma" time="0.012" /><testcase classname="tests.infrastructure.test_config" name="test_config" time="0.023" /><testcase classname="tests.infrastructure.test_container" name="test_container" time="0.033" /><testcase classname="tests.infrastructure.test_db_infrastructure.TestCreateDbEngine" name="test_sqlite_memory_uses_shared_static_pool" time="0.054" /><testcase classname="tests.infrastructure.test_db_infrastructure.TestCreateDbEngine" name="test_sqlite_memory_database_is_shared_across_connections" time="0.017" /><testcase classname="tests.infrastructure.test_db_infrastructure.TestCreateDbEngine" name="test_sqlite_file_allows_cross_thread_connections" time="0.093" /><testcase classname="tests.infrastructure.test_db_infrastructure.TestCreateDbEngine" name="test_postgres_engine_is_pooled_with_pre_ping" time="0.190" /><testcase classname="tests.infrastructure.test_db_infrastructure.TestCreateDbEngine" name="test_postgres_pool_sizing_from_environment" time="0.018" /><testcase classname="tests.infrastructure.test_db_infrastructure.TestCreateDbEngine" name="test_null_pool_override" time="0.009" /><testcase classname="tests.infrastructure.test_db_infrastructure.TestCreateDbEngine" name="test_invalid_pool_env_falls_back_to_defaults" time="0.011" /><testcase classname="tests.infrastructure.test_db_infrastructure.TestPostgreSQLManager" name="test_default_is_sqlite_fallback" time="0.008" /><testcase classname="tests.infrastructure.test_db_infrastructure.TestPostgreSQLManager" name="test_postgres_url_detected" time="0.009" /><testcase classname="tests.infrastructure.test_db_infrastructure.TestPostgreSQLManager" name="test_health_check_on_in_memory_sqlite" time="0.012" /><testcase classname="tests.infrastructure.test_db_infrastructure.TestPostgreSQLManager" name="test_health_check_false_when_unreachable" time="10.068" /><testcase classname="tests.infrastructure.test_db_infrastructure.TestPostgreSQLManager" name="test_connect_returns_working_connection" time="0.007" /><testcase classname="tests.infrastructure.test_db_infrastructure.TestRedisCache" name="test_build_redis_url_defaults" time="0.006" /><testcase classname="tests.infrastructure.test_db_infrastructure.TestRedisCache" name="test_build_redis_url_from_redis_url_env" time="0.006" /><testcase classname="tests.infrastructure.test_db_infrastructure.TestRedisCache" name="test_build_redis_url_with_password" time="0.006" /><testcase classname="tests.infrastructure.test_db_infrastructure.TestRedisCache" name="test_client_has_socket_timeouts" time="0.008" /><testcase classname="tests.infrastructure.test_db_infrastructure.TestRedisCache" name="test_health_check_false_when_unreachable" time="2.024" /><testcase classname="tests.infrastructure.test_db_infrastructure.TestRedisCache" name="test_ping_alias" time="2.027" /><testcase classname="tests.infrastructure.test_db_infrastructure.TestRedisCache" name="test_legacy_host_port_attributes" time="0.010" /><testcase classname="tests.infrastructure.test_db_infrastructure.TestRedisCache" name="test_close_is_safe_when_never_connected" time="0.008" /><testcase classname="tests.infrastructure.test_dependencies" name="test_dependencies" time="0.008" /><testcase classname="tests.infrastructure.test_environment" name="test_environment" time="0.005" /><testcase classname="tests.infrastructure.test_health" name="test_health" time="0.006" /><testcase classname="tests.infrastructure.test_health_router" name="test_health" time="4.072" /><testcase classname="tests.infrastructure.test_integration_services.TestPostgresIntegration" name="test_connectivity_and_select" time="0.006"><skipped type="pytest.skip" message="TEST_POSTGRES_URL not set; PostgreSQL integration test skipped">C:\Users\ASUS\Desktop\ai-financial-analyst\tests\infrastructure\test_integration_services.py:56: TEST_POSTGRES_URL not set; PostgreSQL integration test skipped</skipped></testcase><testcase classname="tests.infrastructure.test_integration_services.TestPostgresIntegration" name="test_engine_uses_pre_ping_pool" time="0.004"><skipped type="pytest.skip" message="TEST_POSTGRES_URL not set; PostgreSQL integration test skipped">C:\Users\ASUS\Desktop\ai-financial-analyst\tests\infrastructure\test_integration_services.py:63: TEST_POSTGRES_URL not set; PostgreSQL integration test skipped</skipped></testcase><testcase classname="tests.infrastructure.test_integration_services.TestPostgresIntegration" name="test_connection_survives_pool_recycle_cycle" time="0.004"><skipped type="pytest.skip" message="TEST_POSTGRES_URL not set; PostgreSQL integration test skipped">C:\Users\ASUS\Desktop\ai-financial-analyst\tests\infrastructure\test_integration_services.py:67: TEST_POSTGRES_URL not set; PostgreSQL integration test skipped</skipped></testcase><testcase classname="tests.infrastructure.test_integration_services.TestPostgresIntegration" name="test_chat_schema_creates_and_persists_on_postgres" time="0.003"><skipped type="pytest.skip" message="TEST_POSTGRES_URL not set; PostgreSQL integration test skipped">C:\Users\ASUS\Desktop\ai-financial-analyst\tests\infrastructure\test_integration_services.py:73: TEST_POSTGRES_URL not set; PostgreSQL integration test skipped</skipped></testcase><testcase classname="tests.infrastructure.test_integration_services.TestRedisIntegration" name="test_ping" time="0.008"><skipped type="pytest.skip" message="TEST_REDIS_URL not set; Redis integration test skipped">C:\Users\ASUS\Desktop\ai-financial-analyst\tests\infrastructure\test_integration_services.py:113: TEST_REDIS_URL not set; Redis integration test skipped</skipped></testcase><testcase classname="tests.infrastructure.test_integration_services.TestRedisIntegration" name="test_round_trip" time="0.004"><skipped type="pytest.skip" message="TEST_REDIS_URL not set; Redis integration test skipped">C:\Users\ASUS\Desktop\ai-financial-analyst\tests\infrastructure\test_integration_services.py:116: TEST_REDIS_URL not set; Redis integration test skipped</skipped></testcase><testcase classname="tests.infrastructure.test_integration_services.TestRedisIntegration" name="test_rate_limiter_distributed_increment" time="0.024"><skipped type="pytest.skip" message="TEST_REDIS_URL not set; Redis integration test skipped">C:\Users\ASUS\Desktop\ai-financial-analyst\tests\infrastructure\test_integration_services.py:122: TEST_REDIS_URL not set; Redis integration test skipped</skipped></testcase><testcase classname="tests.infrastructure.test_integration_services.TestRedisIntegration" name="test_chat_cache_round_trip" time="0.006"><skipped type="pytest.skip" message="TEST_REDIS_URL not set; Redis integration test skipped">C:\Users\ASUS\Desktop\ai-financial-analyst\tests\infrastructure\test_integration_services.py:139: TEST_REDIS_URL not set; Redis integration test skipped</skipped></testcase><testcase classname="tests.infrastructure.test_integration_services.TestRedisIntegration" name="test_chat_store_uses_redis_cache" time="0.003"><skipped type="pytest.skip" message="TEST_REDIS_URL not set; Redis integration test skipped">C:\Users\ASUS\Desktop\ai-financial-analyst\tests\infrastructure\test_integration_services.py:148: TEST_REDIS_URL not set; Redis integration test skipped</skipped></testcase><testcase classname="tests.infrastructure.test_lifecycle_health.TestContainerLifecycle" name="test_health_reports_each_component_independently" time="0.008" /><testcase classname="tests.infrastructure.test_lifecycle_health.TestContainerLifecycle" name="test_close_disposes_database_and_closes_cache" time="0.006" /><testcase classname="tests.infrastructure.test_lifecycle_health.TestContainerLifecycle" name="test_shutdown_with_real_container_does_not_raise" time="0.008" /><testcase classname="tests.infrastructure.test_lifecycle_health.TestContainerLifecycle" name="test_shutdown_is_idempotent" time="0.010" /><testcase classname="tests.infrastructure.test_lifecycle_health.TestHealthRouter" name="test_reports_healthy_when_critical_components_up" time="0.029" /><testcase classname="tests.infrastructure.test_lifecycle_health.TestHealthRouter" name="test_reports_degraded_when_database_down" time="0.019" /><testcase classname="tests.infrastructure.test_lifecycle_health.TestHealthRouter" name="test_never_raises_on_container_failure" time="0.027" /><testcase classname="tests.infrastructure.test_lifecycle_health.TestHealthRouter" name="test_health_status_defaults_preserved" time="0.003" /><testcase classname="tests.infrastructure.test_lifecycle_health.TestRateLimiterRedisRecovery" name="test_increment_failure_drops_client_for_reconnect" time="0.018" /><testcase classname="tests.infrastructure.test_lifecycle_health.TestRateLimiterRedisRecovery" name="test_no_reconnect_before_cooldown" time="0.005" /><testcase classname="tests.infrastructure.test_lifecycle_health.TestRateLimiterRedisRecovery" name="test_reconnects_after_cooldown" time="0.004" /><testcase classname="tests.infrastructure.test_lifecycle_health.TestRateLimiterRedisRecovery" name="test_hybrid_limiter_recovers_to_redis_after_outage" time="0.024" /><testcase classname="tests.infrastructure.test_lifecycle_health.TestRateLimiterRedisRecovery" name="test_hybrid_limiter_falls_back_when_redis_dies" time="0.012" /><testcase classname="tests.infrastructure.test_lifecycle_health.TestRateLimiterRedisRecovery" name="test_local_backend_still_healthy" time="0.008" /><testcase classname="tests.infrastructure.test_lifecycle_health.TestAppEngineLifecycle" name="test_chat_engines_are_cached_and_disposable" time="0.374" /><testcase classname="tests.infrastructure.test_lifecycle_health.TestAppEngineLifecycle" name="test_chat_sqlite_file_gets_wal_pragmas" time="0.043" /><testcase classname="tests.infrastructure.test_lifecycle_health.TestAppEngineLifecycle" name="test_auth_engines_are_cached_and_disposable" time="0.284" /><testcase classname="tests.infrastructure.test_lifecycle_health.TestAppEngineLifecycle" name="test_chat_store_works_end_to_end_on_sqlite" time="0.425" /><testcase classname="tests.infrastructure.test_lifecycle_health.TestDockerWiring" name="test_app_uses_postgres_for_all_stores" time="0.023" /><testcase classname="tests.infrastructure.test_lifecycle_health.TestDockerWiring" name="test_app_wired_to_redis" time="0.019" /><testcase classname="tests.infrastructure.test_lifecycle_health.TestDockerWiring" name="test_app_waits_for_healthy_dependencies" time="0.017" /><testcase classname="tests.infrastructure.test_lifecycle_health.TestDockerWiring" name="test_datastores_have_healthchecks_and_persistence" time="0.019" /><testcase classname="tests.infrastructure.test_lifecycle_health.TestDockerWiring" name="test_app_has_healthcheck" time="0.024" /><testcase classname="tests.infrastructure.test_lifespan" name="test_lifespan[asyncio]" time="0.023" /><testcase classname="tests.infrastructure.test_logging" name="test_logging" time="0.012" /><testcase classname="tests.infrastructure.test_middleware" name="test_middleware" time="1.350" /><testcase classname="tests.infrastructure.test_postgres" name="test_postgres" time="0.019" /><testcase classname="tests.infrastructure.test_redis_cache" name="test_redis" time="4.026" /><testcase classname="tests.infrastructure.test_request_id" name="test_request_id" time="0.006" /><testcase classname="tests.infrastructure.test_shutdown" name="test_shutdown" time="0.011" /><testcase classname="tests.infrastructure.test_startup" name="test_startup" time="0.008" /><testcase classname="tests.ingestion.test_document" name="test_document" time="0.005" /><testcase classname="tests.ingestion.test_document" name="test_empty" time="0.004" /><testcase classname="tests.ingestion.test_document_parser" name="test_llamaparse_unavailable_without_api_key" time="0.006" /><testcase classname="tests.ingestion.test_document_parser" name="test_llamaparse_unavailable_without_package" time="0.006" /><testcase classname="tests.ingestion.test_document_parser" name="test_default_chain_reports_only_pymupdf_available" time="0.006" /><testcase classname="tests.ingestion.test_document_parser" name="test_llamaparse_success" time="0.051" /><testcase classname="tests.ingestion.test_document_parser" name="test_llamaparse_failure_falls_back_to_marker" time="0.057" /><testcase classname="tests.ingestion.test_document_parser" name="test_marker_failure_falls_back_to_pymupdf" time="0.060" /><testcase classname="tests.ingestion.test_document_parser" name="test_pymupdf_fallback_without_optional_parsers" time="0.054" /><testcase classname="tests.ingestion.test_document_parser" name="test_empty_output_falls_back_to_next_parser" time="0.061" /><testcase classname="tests.ingestion.test_document_parser" name="test_complete_parser_failure_raises" time="0.059" /><testcase classname="tests.ingestion.test_document_parser" name="test_unsupported_file_type_raises" time="0.030" /><testcase classname="tests.ingestion.test_document_parser" name="test_missing_file_raises" time="0.021" /><testcase classname="tests.ingestion.test_document_parser" name="test_pymupdf_parser_extracts_financial_table" time="0.051" /><testcase classname="tests.ingestion.test_document_parser" name="test_pymupdf_parser_uses_existing_loader" time="0.047" /><testcase classname="tests.ingestion.test_html_loader" name="test_html_loader" time="0.027" /><testcase classname="tests.ingestion.test_ingestion_service" name="test_ingest" time="3.337" /><testcase classname="tests.ingestion.test_loader" name="test_loader" time="0.021" /><testcase classname="tests.ingestion.test_market_service" name="test_market_data" time="0.003" /><testcase classname="tests.ingestion.test_metadata" name="test_metadata" time="0.004" /><testcase classname="tests.ingestion.test_metadata" name="test_extra" time="0.003" /><testcase classname="tests.ingestion.test_parser" name="test_parser" time="0.019" /><testcase classname="tests.ingestion.test_pdf_loader" name="test_pdf_loader" time="0.038" /><testcase classname="tests.ingestion.test_sec_loader" name="test_sec_loader" time="0.005" /><testcase classname="tests.ingestion.test_sec_service" name="test_get_company" time="0.133" /><testcase classname="tests.ingestion.test_sec_service" name="test_get_latest_filings" time="0.263" /><testcase classname="tests.ingestion.test_xbrl_loader" name="test_xbrl_loader" time="0.022" /><testcase classname="tests.llm.test_anthropic_provider" name="test_anthropic_provider" time="0.003" /><testcase classname="tests.llm.test_async_client" name="test_async_client_generate_uses_configured_provider[asyncio]" time="0.007" /><testcase classname="tests.llm.test_async_client" name="test_async_client_stream_yields_progressively[asyncio]" time="0.008" /><testcase classname="tests.llm.test_async_client" name="test_async_client_accepts_injected_provider[asyncio]" time="0.007" /><testcase classname="tests.llm.test_async_provider" name="test_async_llm_provider_is_abstract" time="0.004" /><testcase classname="tests.llm.test_async_provider" name="test_async_openai_provider_missing_key_fails_fast[asyncio]" time="0.007" /><testcase classname="tests.llm.test_async_provider" name="test_async_openai_provider_generate[asyncio]" time="0.011" /><testcase classname="tests.llm.test_async_provider" name="test_async_openai_provider_stream_yields_deltas[asyncio]" time="0.010" /><testcase classname="tests.llm.test_async_provider" name="test_async_openai_provider_stream_skips_empty_deltas[asyncio]" time="0.009" /><testcase classname="tests.llm.test_async_provider" name="test_async_openai_provider_maps_sdk_errors[asyncio]" time="0.009" /><testcase classname="tests.llm.test_async_provider" name="test_async_mock_provider_generate[asyncio]" time="0.008" /><testcase classname="tests.llm.test_async_provider" name="test_async_mock_provider_stream_progressive[asyncio]" time="0.009" /><testcase classname="tests.llm.test_async_provider" name="test_async_mock_provider_stream_preserves_complete_response[asyncio]" time="0.009" /><testcase classname="tests.llm.test_async_registry" name="test_async_factory_creates_mock_provider" time="0.003" /><testcase classname="tests.llm.test_async_registry" name="test_async_factory_creates_openai_provider" time="0.003" /><testcase classname="tests.llm.test_async_registry" name="test_async_factory_is_case_insensitive" time="0.003" /><testcase classname="tests.llm.test_async_registry" name="test_async_factory_unknown_provider_raises" time="0.006" /><testcase classname="tests.llm.test_async_registry" name="test_async_factory_register_custom_provider" time="0.006" /><testcase classname="tests.llm.test_async_stream" name="test_stream_run_emits_plan_tokens_done[asyncio]" time="6.644" /><testcase classname="tests.llm.test_async_stream" name="test_stream_run_appends_auditor_note_when_audit_fails[asyncio]" time="6.685" /><testcase classname="tests.llm.test_async_stream" name="test_stream_run_emits_error_when_planning_fails[asyncio]" time="6.120" /><testcase classname="tests.llm.test_async_stream" name="test_stream_chat_formats_sse_frames[asyncio]" time="0.018" /><testcase classname="tests.llm.test_async_stream" name="test_stream_chat_emits_error_frame_on_failure[asyncio]" time="0.017" /><testcase classname="tests.llm.test_async_stream" name="test_chat_stream_endpoint_returns_sse" time="4.238" /><testcase classname="tests.llm.test_async_stream" name="test_chat_stream_validates_request" time="0.175" /><testcase classname="tests.llm.test_async_stream" name="test_chat_stream_reconstructs_message_from_tokens" time="0.327" /><testcase classname="tests.llm.test_context" name="test_trim" time="0.015" /><testcase classname="tests.llm.test_conversation" name="test_add" time="0.012" /><testcase classname="tests.llm.test_conversation" name="test_clear" time="0.025" /><testcase classname="tests.llm.test_exceptions" name="test_inheritance" time="0.010" /><testcase classname="tests.llm.test_exceptions" name="test_raise" time="0.022" /><testcase classname="tests.llm.test_exceptions" name="test_auth" time="0.020" /><testcase classname="tests.llm.test_exceptions" name="test_rate_limit" time="0.007" /><testcase classname="tests.llm.test_exceptions" name="test_timeout" time="0.015" /><testcase classname="tests.llm.test_gemini_provider" name="test_gemini_provider" time="0.014" /><testcase classname="tests.llm.test_http_client" name="test_client" time="2.858" /><testcase classname="tests.llm.test_http_client" name="test_context_manager" time="3.244" /><testcase classname="tests.llm.test_interfaces" name="test_provider" time="0.005" /><testcase classname="tests.llm.test_litellm_provider" name="test_litellm_provider" time="0.003" /><testcase classname="tests.llm.test_llm_models" name="test_llm_models" time="0.010" /><testcase classname="tests.llm.test_memory" name="test_memory" time="0.008" /><testcase classname="tests.llm.test_memory" name="test_clear" time="0.009" /><testcase classname="tests.llm.test_message" name="test_system" time="0.011" /><testcase classname="tests.llm.test_message" name="test_user" time="0.009" /><testcase classname="tests.llm.test_message" name="test_assistant" time="0.007" /><testcase classname="tests.llm.test_mock_provider" name="test_mock_provider" time="0.010" /><testcase classname="tests.llm.test_ollama_provider" name="test_ollama_provider" time="0.005" /><testcase classname="tests.llm.test_openai_client" name="test_generate" time="0.013" /><testcase classname="tests.llm.test_openai_provider" name="test_openai_provider_missing_key_fails_fast" time="0.004" /><testcase classname="tests.llm.test_openai_provider_mock" name="test_generate" time="0.021" /><testcase classname="tests.llm.test_prompt_builder" name="test_prompt" time="0.016" /><testcase classname="tests.llm.test_provider_config" name="test_defaults" time="0.004" /><testcase classname="tests.llm.test_provider_config" name="test_custom" time="0.013" /><testcase classname="tests.llm.test_provider_factory" name="test_gemini" time="0.009" /><testcase classname="tests.llm.test_provider_factory" name="test_anthropic" time="0.003" /><testcase classname="tests.llm.test_provider_factory" name="test_mock" time="0.010" /><testcase classname="tests.llm.test_provider_factory" name="test_openai" time="0.004" /><testcase classname="tests.llm.test_provider_factory" name="test_ollama" time="0.009" /><testcase classname="tests.llm.test_provider_factory" name="test_vllm" time="0.007" /><testcase classname="tests.llm.test_provider_factory" name="test_litellm" time="0.012" /><testcase classname="tests.llm.test_provider_factory" name="test_invalid" time="0.014" /><testcase classname="tests.llm.test_provider_registry" name="test_register" time="0.012" /><testcase classname="tests.llm.test_provider_registry" name="test_unknown" time="0.008" /><testcase classname="tests.llm.test_provider_registry_integration" name="test_factory_uses_registry" time="0.014" /><testcase classname="tests.llm.test_provider_streaming" name="test_mock_stream" time="0.012" /><testcase classname="tests.llm.test_provider_streaming" name="test_openai_stream" time="0.014" /><testcase classname="tests.llm.test_report_generator" name="test_mock" time="0.003" /><testcase classname="tests.llm.test_report_generator" name="test_openai" time="0.013" /><testcase classname="tests.llm.test_report_generator" name="test_ollama" time="0.007" /><testcase classname="tests.llm.test_report_generator" name="test_vllm" time="0.007" /><testcase classname="tests.llm.test_report_generator" name="test_invalid" time="0.008" /><testcase classname="tests.llm.test_retry" name="test_success" time="0.013" /><testcase classname="tests.llm.test_retry" name="test_retry_timeout" time="0.021" /><testcase classname="tests.llm.test_retry" name="test_retry_rate_limit" time="0.027" /><testcase classname="tests.llm.test_retry" name="test_provider_error_not_retried" time="0.010" /><testcase classname="tests.llm.test_retry" name="test_timeout_failure" time="0.030" /><testcase classname="tests.llm.test_retry" name="test_rate_limit_failure" time="0.011" /><testcase classname="tests.llm.test_retry_provider" name="test_retry_success" time="0.003" /><testcase classname="tests.llm.test_retry_provider" name="test_retry_after_timeout" time="0.016" /><testcase classname="tests.llm.test_retry_provider" name="test_retry_exhausted" time="0.024" /><testcase classname="tests.llm.test_retry_provider" name="test_provider_error_not_retried" time="0.013" /><testcase classname="tests.llm.test_serializer" name="test_dict" time="0.012" /><testcase classname="tests.llm.test_serializer" name="test_list" time="0.015" /><testcase classname="tests.llm.test_stream" name="test_iteration" time="0.014" /><testcase classname="tests.llm.test_stream" name="test_collect" time="0.012" /><testcase classname="tests.llm.test_stream_provider" name="test_stream" time="0.008" /><testcase classname="tests.llm.test_tokenizer" name="test_count" time="0.013" /><testcase classname="tests.llm.test_tokenizer" name="test_empty" time="0.011" /><testcase classname="tests.llm.test_usage" name="test_total_tokens" time="0.013" /><testcase classname="tests.llm.test_usage" name="test_empty_usage" time="0.016" /><testcase classname="tests.models.test_filing" name="test_filing" time="0.013" /><testcase classname="tests.models.test_filing" name="test_invalid_cik" time="0.015" /><testcase classname="tests.models.test_market" name="test_market_data" time="0.015" /><testcase classname="tests.models.test_metadata" name="test_metadata" time="0.008" /><testcase classname="tests.orchestrator.test_orchestrator" name="test_workflow" time="0.023" /><testcase classname="tests.orchestrator.test_pipeline" name="test_pipeline" time="0.032" /><testcase classname="tests.parsers.test_base_parser" name="test_parse_file" time="0.022" /><testcase classname="tests.parsers.test_base_parser" name="test_parse_text" time="0.017" /><testcase classname="tests.parsers.test_chunker" name="test_chunk_document" time="0.015" /><testcase classname="tests.parsers.test_html_parser" name="test_parse_text" time="0.034" /><testcase classname="tests.parsers.test_html_parser" name="test_parse_file" time="0.133" /><testcase classname="tests.parsers.test_section_parser" name="test_split_sections" time="0.008" /><testcase classname="tests.parsers.test_table_parser" name="test_basic_table" time="0.019" /><testcase classname="tests.parsers.test_table_parser" name="test_multiple_rows_and_columns" time="0.008" /><testcase classname="tests.parsers.test_table_parser" name="test_empty_cells" time="0.012" /><testcase classname="tests.parsers.test_table_parser" name="test_parenthesised_negatives_preserved" time="0.004" /><testcase classname="tests.parsers.test_table_parser" name="test_currency_and_percentages" time="0.013" /><testcase classname="tests.parsers.test_table_parser" name="test_footnote_markers_stripped" time="0.007" /><testcase classname="tests.parsers.test_table_parser" name="test_varying_column_counts_are_padded" time="0.008" /><testcase classname="tests.parsers.test_table_parser" name="test_table_without_separator_row" time="0.007" /><testcase classname="tests.parsers.test_table_parser" name="test_title_from_preceding_heading" time="0.010" /><testcase classname="tests.parsers.test_table_parser" name="test_title_from_short_caption" time="0.007" /><testcase classname="tests.parsers.test_table_parser" name="test_source_page_is_preserved" time="0.004" /><testcase classname="tests.parsers.test_table_parser" name="test_prose_without_pipes_produces_no_tables" time="0.013" /><testcase classname="tests.parsers.test_table_parser" name="test_multiple_tables_are_isolated" time="0.003" /><testcase classname="tests.parsers.test_table_parser" name="test_to_dict_roundtrip" time="0.004" /><testcase classname="tests.portfolio.test_analytics" name="test_analytics" time="0.007" /><testcase classname="tests.portfolio.test_beta" name="test_beta" time="0.010" /><testcase classname="tests.portfolio.test_cagr" name="test_cagr" time="0.011" /><testcase classname="tests.portfolio.test_correlation" name="test_correlation" time="0.009" /><testcase classname="tests.portfolio.test_drawdown" name="test_drawdown" time="0.003" /><testcase classname="tests.portfolio.test_holding" name="test_holding" time="0.014" /><testcase classname="tests.portfolio.test_performance" name="test_performance" time="0.004" /><testcase classname="tests.portfolio.test_portfolio" name="test_portfolio" time="0.011" /><testcase classname="tests.portfolio.test_risk" name="test_risk" time="0.009" /><testcase classname="tests.portfolio.test_sharpe" name="test_sharpe" time="0.009" /><testcase classname="tests.portfolio.test_volatility" name="test_volatility" time="0.011" /><testcase classname="tests.rag.test_bm25" name="test_bm25" time="0.007" /><testcase classname="tests.rag.test_context" name="test_context" time="0.010" /><testcase classname="tests.rag.test_context_builder" name="test_builder" time="0.003" /><testcase classname="tests.rag.test_context_builder" name="test_duplicate_chunks" time="0.010" /><testcase classname="tests.rag.test_cross_encoder" name="test_encoder" time="0.009" /><testcase classname="tests.rag.test_document_index" name="test_index" time="0.003" /><testcase classname="tests.rag.test_document_index" name="test_clear" time="0.007" /><testcase classname="tests.rag.test_embedding" name="test_embedding" time="0.007" /><testcase classname="tests.rag.test_embedding_cache" name="test_cache" time="0.011" /><testcase classname="tests.rag.test_embedding_cache" name="test_clear" time="0.005" /><testcase classname="tests.rag.test_embedding_model" name="test_model" time="0.003" /><testcase classname="tests.rag.test_hybrid_retriever" name="test_hybrid" time="0.008" /><testcase classname="tests.rag.test_memory_store" name="test_search" time="0.010" /><testcase classname="tests.rag.test_memory_store" name="test_clear" time="0.010" /><testcase classname="tests.rag.test_reranker" name="test_rerank" time="0.018" /><testcase classname="tests.rag.test_retriever" name="test_retriever" time="0.010" /><testcase classname="tests.rag.test_search_result" name="test_result" time="0.003" /><testcase classname="tests.rag.test_sentence_transformer_model" name="test_embedding" time="14.415" /><testcase classname="tests.rag.test_similarity" name="test_similarity" time="0.023" /><testcase classname="tests.rag.test_similarity" name="test_orthogonal" time="0.009" /><testcase classname="tests.rag.test_vector_store" name="test_store" time="0.014" /><testcase classname="tests.recommendation.test_confidence" name="test_confidence" time="0.007" /><testcase classname="tests.recommendation.test_engine" name="test_engine" time="0.007" /><testcase classname="tests.recommendation.test_explanation" name="test_explanation" time="0.008" /><testcase classname="tests.recommendation.test_recommendation" name="test_recommendation" time="0.023" /><testcase classname="tests.recommendation.test_signal" name="test_signal" time="0.023" /><testcase classname="tests.reports.test_markdown_report" name="test_markdown_report" time="0.010" /><testcase classname="tests.reports.test_report_models" name="test_report" time="0.023" /><testcase classname="tests.retrieval.test_bm25" name="test_bm25_search" time="0.012" /><testcase classname="tests.retrieval.test_bm25" name="test_invalid_build" time="0.015" /><testcase classname="tests.retrieval.test_filters" name="test_filter_ticker" time="0.010" /><testcase classname="tests.retrieval.test_filters" name="test_filter_year" time="0.012" /><testcase classname="tests.retrieval.test_filters" name="test_filter_filing" time="0.007" /><testcase classname="tests.retrieval.test_hybrid_retriever" name="test_hybrid" time="0.026" /><testcase classname="tests.retrieval.test_metadata_store" name="test_metadata_store" time="0.011" /><testcase classname="tests.retrieval.test_metadata_store" name="test_add_many" time="0.010" /><testcase classname="tests.retrieval.test_models" name="test_retrieved_chunk" time="0.009" /><testcase classname="tests.retrieval.test_models" name="test_context" time="0.010" /><testcase classname="tests.retrieval.test_rank_fusion" name="test_rrf" time="0.014" /><testcase classname="tests.retrieval.test_reranker" name="test_rerank" time="0.014" /><testcase classname="tests.retrieval.test_retrieval_engine" name="test_retrieve" time="0.018" /><testcase classname="tests.sandbox.test_code_agent" name="test_llm_code_executed_through_sandbox_with_context" time="6.885" /><testcase classname="tests.sandbox.test_code_agent" name="test_llm_code_can_flatten_provided_variables" time="3.907" /><testcase classname="tests.sandbox.test_code_agent" name="test_output_captured_through_pipeline" time="5.496" /><testcase classname="tests.sandbox.test_code_agent" name="test_no_code_in_response_is_controlled_failure" time="0.004" /><testcase classname="tests.sandbox.test_code_agent" name="test_markdown_prose_without_fence_rejected" time="0.005" /><testcase classname="tests.sandbox.test_code_agent" name="test_sandbox_runtime_error_mapped_into_result" time="9.279" /><testcase classname="tests.sandbox.test_code_agent" name="test_llm_invented_variable_fails" time="3.267" /><testcase classname="tests.sandbox.test_code_agent" name="test_no_result_assignment_is_failure" time="3.020" /><testcase classname="tests.sandbox.test_code_agent" name="test_llm_error_is_structured_failure" time="0.028" /><testcase classname="tests.sandbox.test_code_agent" name="test_insecure_code_rejected_before_execution" time="0.004" /><testcase classname="tests.sandbox.test_code_agent" name="test_question_included_in_prompt" time="2.995" /><testcase classname="tests.sandbox.test_code_agent" name="test_extract_code_prefers_fenced_block" time="0.026" /><testcase classname="tests.sandbox.test_code_agent" name="test_extract_picks_longest_fence" time="0.028" /><testcase classname="tests.sandbox.test_code_agent" name="test_extract_plain_valid_python_fallback" time="0.002" /><testcase classname="tests.sandbox.test_code_agent" name="test_extract_plain_invalid_python_returns_none" time="0.031" /><testcase classname="tests.sandbox.test_code_agent" name="test_extract_empty_returns_none" time="0.017" /><testcase classname="tests.sandbox.test_code_agent" name="test_extract_fence_without_language" time="0.016" /><testcase classname="tests.sandbox.test_executor" name="test_basic_arithmetic" time="3.905" /><testcase classname="tests.sandbox.test_executor" name="test_financial_formula_with_supplied_context" time="3.734" /><testcase classname="tests.sandbox.test_executor" name="test_context_accessible_via_dict_and_flattened_names" time="2.600" /><testcase classname="tests.sandbox.test_executor" name="test_invented_variable_fails_at_runtime" time="2.444" /><testcase classname="tests.sandbox.test_executor" name="test_math_helpers_available" time="3.009" /><testcase classname="tests.sandbox.test_executor" name="test_result_extraction" time="3.375" /><testcase classname="tests.sandbox.test_executor" name="test_output_capture" time="2.566" /><testcase classname="tests.sandbox.test_executor" name="test_control_flow_loops_and_comprehensions_allowed" time="3.181" /><testcase classname="tests.sandbox.test_executor" name="test_runtime_error_is_structured" time="3.084" /><testcase classname="tests.sandbox.test_executor" name="test_syntax_error_is_structured" time="0.011" /><testcase classname="tests.sandbox.test_executor" name="test_empty_code_rejected" time="0.014" /><testcase classname="tests.sandbox.test_executor" name="test_explicit_none_result_is_success" time="3.882" /><testcase classname="tests.sandbox.test_executor" name="test_print_after_error_still_captured" time="2.952" /><testcase classname="tests.sandbox.test_executor" name="test_forbidden_operations_rejected[import os]" time="0.017" /><testcase classname="tests.sandbox.test_executor" name="test_forbidden_operations_rejected[from os import system]" time="0.017" /><testcase classname="tests.sandbox.test_executor" name="test_forbidden_operations_rejected[import sys]" time="0.024" /><testcase classname="tests.sandbox.test_executor" name="test_forbidden_operations_rejected[import subprocess]" time="0.003" /><testcase classname="tests.sandbox.test_executor" name="test_forbidden_operations_rejected[from subprocess import check_output]" time="0.006" /><testcase classname="tests.sandbox.test_executor" name="test_forbidden_operations_rejected[import socket]" time="0.016" /><testcase classname="tests.sandbox.test_executor" name="test_forbidden_operations_rejected[import urllib.request]" time="0.009" /><testcase classname="tests.sandbox.test_executor" name="test_forbidden_operations_rejected[import requests]" time="0.006" /><testcase classname="tests.sandbox.test_executor" name="test_forbidden_operations_rejected[import pathlib]" time="0.011" /><testcase classname="tests.sandbox.test_executor" name="test_forbidden_operations_rejected[import builtins]" time="0.005" /><testcase classname="tests.sandbox.test_executor" name="test_forbidden_operations_rejected[result = open('x')]" time="0.008" /><testcase classname="tests.sandbox.test_executor" name="test_forbidden_operations_rejected[result = open('/etc/passwd')]" time="0.009" /><testcase classname="tests.sandbox.test_executor" name="test_forbidden_operations_rejected[result = eval('1 + 1')]" time="0.005" /><testcase classname="tests.sandbox.test_executor" name="test_forbidden_operations_rejected[result = exec('print(1)')]" time="0.007" /><testcase classname="tests.sandbox.test_executor" name="test_forbidden_operations_rejected[result = compile('print(1)', '&lt;x&gt;', 'exec')]" time="0.005" /><testcase classname="tests.sandbox.test_executor" name="test_forbidden_operations_rejected[result = __import__('os')]" time="0.006" /><testcase classname="tests.sandbox.test_executor" name="test_forbidden_operations_rejected[result = globals()]" time="0.009" /><testcase classname="tests.sandbox.test_executor" name="test_forbidden_operations_rejected[result = locals()]" time="0.011" /><testcase classname="tests.sandbox.test_executor" name="test_forbidden_operations_rejected[result = vars()]" time="0.011" /><testcase classname="tests.sandbox.test_executor" name="test_forbidden_operations_rejected[result = dir()]" time="0.006" /><testcase classname="tests.sandbox.test_executor" name="test_forbidden_operations_rejected[result = __builtins__['eval']]" time="0.010" /><testcase classname="tests.sandbox.test_executor" name="test_forbidden_operations_rejected[result = getattr(Dict, '__class__')]" time="0.006" /><testcase classname="tests.sandbox.test_executor" name="test_forbidden_operations_rejected[result = setattr(Dict, 'x', 1)]" time="0.007" /><testcase classname="tests.sandbox.test_executor" name="test_forbidden_operations_rejected[result = os.system('calc')]" time="0.004" /><testcase classname="tests.sandbox.test_executor" name="test_forbidden_operations_rejected[result = sys.modules]" time="0.006" /><testcase classname="tests.sandbox.test_executor" name="test_forbidden_operations_rejected[result = subprocess.call(['ls'])]" time="0.009" /><testcase classname="tests.sandbox.test_executor" name="test_forbidden_operations_rejected[result = (1).__class__]" time="0.009" /><testcase classname="tests.sandbox.test_executor" name="test_forbidden_operations_rejected[result = str.__mro__]" time="0.007" /><testcase classname="tests.sandbox.test_executor" name="test_forbidden_operations_rejected[result = ''.__class__.__base__.__subclasses__()]" time="0.008" /><testcase classname="tests.sandbox.test_executor" name="test_forbidden_operations_rejected[result = [].__class__.__base__.__subclasses__()]" time="0.005" /><testcase classname="tests.sandbox.test_executor" name="test_forbidden_operations_rejected[result = {}.__class__]" time="0.010" /><testcase classname="tests.sandbox.test_executor" name="test_forbidden_operations_rejected[f = lambda: 1\nresult = f.__globals__]" time="0.006" /><testcase classname="tests.sandbox.test_executor" name="test_forbidden_operations_rejected[result = int.__subclasses__()]" time="0.008" /><testcase classname="tests.sandbox.test_executor" name="test_forbidden_operations_rejected[class Esc:\n    pass\nresult = Esc]" time="0.004" /><testcase classname="tests.sandbox.test_executor" name="test_forbidden_operations_rejected[global x\nresult = 1]" time="0.008" /><testcase classname="tests.sandbox.test_executor" name="test_forbidden_operations_rejected[async def f():\n    return 1\nresult = 1]" time="0.008" /><testcase classname="tests.sandbox.test_executor" name="test_forbidden_operations_rejected[result = input('prompt')]" time="0.012" /><testcase classname="tests.sandbox.test_executor" name="test_ast_level_bypass_attempts_rejected[result = os.system('echo hi')]" time="0.023" /><testcase classname="tests.sandbox.test_executor" name="test_ast_level_bypass_attempts_rejected[result = __import__('socket')]" time="0.008" /><testcase classname="tests.sandbox.test_executor" name="test_ast_level_bypass_attempts_rejected[result = &quot;x&quot;.__init__.__getattribute__(&quot;__class__&quot;)]" time="0.008" /><testcase classname="tests.sandbox.test_executor" name="test_double_underscore_attribute_blocked" time="0.007" /><testcase classname="tests.sandbox.test_executor" name="test_context_only_contains_supplied_data" time="3.367" /><testcase classname="tests.sandbox.test_executor" name="test_host_builtins_not_mutated" time="2.652" /><testcase classname="tests.sandbox.test_executor" name="test_timeout_enforced_when_sigalrm_available" time="0.007"><skipped type="pytest.skip" message="SIGALRM not available on this platform">C:\Users\ASUS\Desktop\ai-financial-analyst\tests\sandbox\test_executor.py:252: SIGALRM not available on this platform</skipped></testcase><testcase classname="tests.sandbox.test_executor" name="test_validate_reports_reason" time="0.007" /><testcase classname="tests.sandbox.test_hardening" name="test_execution_runs_in_a_child_process" time="3.363" /><testcase classname="tests.sandbox.test_hardening" name="test_host_modules_are_not_mutated_by_worker" time="2.895" /><testcase classname="tests.sandbox.test_hardening" name="test_infinite_loop_is_killed_by_parent" time="7.098" /><testcase classname="tests.sandbox.test_hardening" name="test_timeout_is_roughly_respected" time="7.143" /><testcase classname="tests.sandbox.test_hardening" name="test_filesystem_access_is_blocked[result = open('/etc/passwd').read()]" time="0.004" /><testcase classname="tests.sandbox.test_hardening" name="test_filesystem_access_is_blocked[result = open('C:/Windows/win.ini').read()]" time="0.007" /><testcase classname="tests.sandbox.test_hardening" name="test_filesystem_access_is_blocked[import os\nresult = os.listdir('.')]" time="0.004" /><testcase classname="tests.sandbox.test_hardening" name="test_filesystem_access_is_blocked[import pathlib\nresult = str(pathlib.Path.home())]" time="0.006" /><testcase classname="tests.sandbox.test_hardening" name="test_filesystem_access_is_blocked[import tempfile\nresult = tempfile.gettempdir()]" time="0.006" /><testcase classname="tests.sandbox.test_hardening" name="test_filesystem_access_is_blocked[import shutil\nresult = 1]" time="0.004" /><testcase classname="tests.sandbox.test_hardening" name="test_filesystem_access_is_blocked[import glob\nresult = glob.glob('*')]" time="0.007" /><testcase classname="tests.sandbox.test_hardening" name="test_secret_env_vars_are_stripped" time="0.003" /><testcase classname="tests.sandbox.test_hardening" name="test_network_access_is_blocked[import socket]" time="0.006" /><testcase classname="tests.sandbox.test_hardening" name="test_network_access_is_blocked[import urllib.request]" time="0.006" /><testcase classname="tests.sandbox.test_hardening" name="test_network_access_is_blocked[import urllib.parse]" time="0.006" /><testcase classname="tests.sandbox.test_hardening" name="test_network_access_is_blocked[import http.client]" time="0.004" /><testcase classname="tests.sandbox.test_hardening" name="test_network_access_is_blocked[import requests]" time="0.006" /><testcase classname="tests.sandbox.test_hardening" name="test_network_access_is_blocked[import ftplib]" time="0.003" /><testcase classname="tests.sandbox.test_hardening" name="test_network_access_is_blocked[import ssl]" time="0.005" /><testcase classname="tests.sandbox.test_hardening" name="test_network_access_is_blocked[result = __import__('socket')]" time="0.005" /><testcase classname="tests.sandbox.test_hardening" name="test_child_process_spawning_is_blocked[import subprocess\nresult = 1]" time="0.005" /><testcase classname="tests.sandbox.test_hardening" name="test_child_process_spawning_is_blocked[import multiprocessing\nresult = 1]" time="0.004" /><testcase classname="tests.sandbox.test_hardening" name="test_child_process_spawning_is_blocked[import os\nresult = os.system('echo hi')]" time="0.006" /><testcase classname="tests.sandbox.test_hardening" name="test_child_process_spawning_is_blocked[from subprocess import call\nresult = call(['echo', 'hi'])]" time="0.005" /><testcase classname="tests.sandbox.test_hardening" name="test_child_process_spawning_is_blocked[result = __import__('subprocess')]" time="0.006" /><testcase classname="tests.sandbox.test_hardening" name="test_interpreter_escape_attempts_are_blocked[result = eval('1+1')]" time="0.006" /><testcase classname="tests.sandbox.test_hardening" name="test_interpreter_escape_attempts_are_blocked[result = exec('1+1')]" time="0.004" /><testcase classname="tests.sandbox.test_hardening" name="test_interpreter_escape_attempts_are_blocked[result = compile('x', '&lt;s&gt;', 'exec')]" time="0.006" /><testcase classname="tests.sandbox.test_hardening" name="test_interpreter_escape_attempts_are_blocked[result = __import__('os')]" time="0.005" /><testcase classname="tests.sandbox.test_hardening" name="test_interpreter_escape_attempts_are_blocked[result = ''.__class__.__mro__]" time="0.006" /><testcase classname="tests.sandbox.test_hardening" name="test_interpreter_escape_attempts_are_blocked[result = (1).__class__]" time="0.006" /><testcase classname="tests.sandbox.test_hardening" name="test_interpreter_escape_attempts_are_blocked[result = __builtins__]" time="0.004" /><testcase classname="tests.sandbox.test_hardening" name="test_interpreter_escape_attempts_are_blocked[f = lambda: 1\nresult = f.__globals__]" time="0.004" /><testcase classname="tests.sandbox.test_hardening" name="test_interpreter_escape_attempts_are_blocked[result = globals()]" time="0.006" /><testcase classname="tests.sandbox.test_hardening" name="test_interpreter_escape_attempts_are_blocked[class X:\n    pass\nresult = X]" time="0.004" /><testcase classname="tests.sandbox.test_hardening" name="test_interpreter_escape_attempts_are_blocked[result = str.__class__.__base__.__subclasses__()]" time="0.005" /><testcase classname="tests.sandbox.test_hardening" name="test_resource_limits_wiring_in_worker" time="0.006"><skipped type="pytest.skip" message="resource module unavailable on this platform">C:\Users\ASUS\Desktop\ai-financial-analyst\tests\sandbox\test_hardening.py:213: resource module unavailable on this platform</skipped></testcase><testcase classname="tests.sandbox.test_hardening" name="test_memory_hog_aborts_instead_of_hanging" time="2.618" /><testcase classname="tests.services.test_async_offload" name="test_stream_run_offloads_blocking_tool_execution[asyncio]" time="1.278" /><testcase classname="tests.services.test_async_offload" name="test_stream_chat_preserves_sse_contract_and_persists[asyncio]" time="0.044" /><testcase classname="tests.services.test_async_offload" name="test_chat_route_preserves_response_contract_with_offloaded_service" time="4.153" /><testcase classname="tests.services.test_chat_service" name="test_chat_delegates_to_coordinator_and_preserves_contract" time="4.240" /><testcase classname="tests.services.test_chat_service" name="test_chat_returns_sources" time="0.008" /><testcase classname="tests.services.test_chat_service" name="test_chat_returns_tool_transparency_fields" time="0.011" /><testcase classname="tests.services.test_chat_service" name="test_chat_without_sources_returns_empty_citations" time="0.017" /><testcase classname="tests.services.test_document_service" name="test_upload_indexes_document" time="3.699" /><testcase classname="tests.services.test_document_service" name="test_upload_rejects_non_pdf" time="3.075" /><testcase classname="tests.services.test_document_service" name="test_upload_rejects_invalid_content" time="2.581" /><testcase classname="tests.services.test_document_service" name="test_retrieval_returns_citations" time="3.045" /><testcase classname="tests.services.test_document_service" name="test_retrieval_scoped_to_document" time="2.792" /><testcase classname="tests.services.test_document_service" name="test_delete_removes_vectors" time="3.066" /><testcase classname="tests.services.test_document_service" name="test_global_retrieval_across_documents" time="2.619" /><testcase classname="tests.services.test_document_service" name="test_upload_preserves_financial_table_structure" time="2.439" /><testcase classname="tests.services.test_document_service" name="test_upload_keeps_page_and_parser_metadata" time="2.495" /><testcase classname="tests.storage.test_checksum" name="test_text_hash" time="0.003" /><testcase classname="tests.storage.test_checksum" name="test_text_hash_difference" time="0.003" /><testcase classname="tests.storage.test_checksum" name="test_file_hash" time="0.025" /><testcase classname="tests.storage.test_checksum" name="test_verify" time="0.028" /><testcase classname="tests.storage.test_storage_service" name="test_save_and_load_market_data" time="0.019" /><testcase classname="tests.storage.test_storage_service" name="test_save_and_load_metadata" time="0.015" /><testcase classname="tests.storage.test_storage_service" name="test_save_and_load_sec" time="0.020" /><testcase classname="tests.test_application" name="test_application" time="0.004" /><testcase classname="tests.test_base" name="test_domain_model" time="0.005" /><testcase classname="tests.test_company" name="test_company_creation" time="0.005" /><testcase classname="tests.test_company" name="test_invalid_cik" time="0.004" /><testcase classname="tests.test_company" name="test_invalid_ticker" time="0.005" /><testcase classname="tests.test_file_manager" name="test_text_file" time="0.031" /><testcase classname="tests.test_file_manager" name="test_json_file" time="0.032" /><testcase classname="tests.test_file_manager" name="test_binary_file" time="0.044" /><testcase classname="tests.test_file_manager" name="test_delete" time="0.036" /><testcase classname="tests.test_filing" name="test_filing" time="0.006" /><testcase classname="tests.test_filing" name="test_invalid_cik" time="0.003" /><testcase classname="tests.test_filing_type" name="test_filing_types" time="0.005" /><testcase classname="tests.test_processing_status" name="test_processing_status" time="0.006" /><testcase classname="tests.vectorstore.test_base_vector_store" name="test_store" time="0.006" /><testcase classname="tests.vectorstore.test_qdrant_store" name="test_upsert_and_search" time="0.005" /><testcase classname="tests.vectorstore.test_qdrant_store" name="test_document_filter_and_delete" time="0.008" /><testcase classname="tests.vectorstore.test_search_service" name="test_search" time="0.007" /><testcase classname="tests.workflow.test_checkpoint" name="test_checkpoint" time="0.005" /><testcase classname="tests.workflow.test_engine" name="test_engine" time="0.006" /><testcase classname="tests.workflow.test_event" name="test_event" time="0.003" /><testcase classname="tests.workflow.test_executor" name="test_executor" time="0.005" /><testcase classname="tests.workflow.test_graph" name="test_graph" time="0.005" /><testcase classname="tests.workflow.test_history" name="test_history" time="0.003" /><testcase classname="tests.workflow.test_metrics" name="test_metrics" time="0.006" /><testcase classname="tests.workflow.test_node" name="test_node" time="0.005" /><testcase classname="tests.workflow.test_pipeline" name="test_pipeline" time="0.005" /><testcase classname="tests.workflow.test_result" name="test_result" time="0.003" /><testcase classname="tests.workflow.test_retry" name="test_retry" time="0.003" /><testcase classname="tests.workflow.test_router" name="test_router" time="0.004" /><testcase classname="tests.workflow.test_state" name="test_state" time="0.003" /></testsuite></testsuites>