<?xml version="1.0" encoding="utf-8"?><testsuites name="pytest tests"><testsuite name="pytest" errors="1" failures="0" skipped="0" tests="1" time="26.991" timestamp="2026-08-29T04:11:17.184187+05:30" hostname="LAPTOP-RVKVNDNI"><testcase classname="" name="tests.infrastructure.test_integration_services" time="0.000"><error message="collection failure">.venv\Lib\site-packages\_pytest\python.py:508: in importtestmodule
    mod = import_path(
.venv\Lib\site-packages\_pytest\pathlib.py:572: in import_path
    mod = _import_module_using_spec(module_name, path, insert_modules=True)
          ^^^^^^^^^^^^^^^^^^^^^^^^^^^^^^^^^^^^^^^^^^^^^^^^^^^^^^^^^^^^^^^^^
.venv\Lib\site-packages\_pytest\pathlib.py:716: in _import_module_using_spec
    spec.loader.exec_module(mod)  # type: ignore[union-attr]
    ^^^^^^^^^^^^^^^^^^^^^^^^^^^^
.venv\Lib\site-packages\_pytest\assertion\rewrite.py:179: in exec_module
    source_stat, co = _rewrite_test(fn, self.config)
                      ^^^^^^^^^^^^^^^^^^^^^^^^^^^^^^
.venv\Lib\site-packages\_pytest\assertion\rewrite.py:348: in _rewrite_test
    tree = ast.parse(source, filename=strfn)
           ^^^^^^^^^^^^^^^^^^^^^^^^^^^^^^^^^
..\..\AppData\Local\Python\pythoncore-3.14-64\Lib\ast.py:46: in parse
    return compile(source, filename, mode, flags,
E     File "C:\Users\ASUS\Desktop\ai-financial-analyst\tests\infrastructure\test_integration_services.py", line 50
E       with patch.dict(os.environ, {"DATABASE_URL": POSTGRES_URL}):
E   IndentationError: unexpected indent</error></testcase></testsuite></testsuites>