<?xml version="1.0" encoding="utf-8"?><testsuites name="pytest tests"><testsuite name="pytest" errors="0" failures="0" skipped="9" tests="67" time="77.351" timestamp="2026-08-29T03:58:27.072390+05:30" hostname="LAPTOP-RVKVNDNI"><testcase classname="tests.infrastructure.test_chroma" name="test_chroma" time="0.011" /><testcase classname="tests.infrastructure.test_config" name="test_config" time="0.009" /><testcase classname="tests.infrastructure.test_container" name="test_container" time="0.028" /><testcase classname="tests.infrastructure.test_db_infrastructure.TestCreateDbEngine" name="test_sqlite_memory_uses_shared_static_pool" time="0.009" /><testcase classname="tests.infrastructure.test_db_infrastructure.TestCreateDbEngine" name="test_sqlite_memory_database_is_shared_across_connections" time="0.012" /><testcase classname="tests.infrastructure.test_db_infrastructure.TestCreateDbEngine" name="test_sqlite_file_allows_cross_thread_connections" time="0.108" /><testcase classname="tests.infrastructure.test_db_infrastructure.TestCreateDbEngine" name="test_postgres_engine_is_pooled_with_pre_ping" time="0.923" /><testcase classname="tests.infrastructure.test_db_infrastructure.TestCreateDbEngine" name="test_postgres_pool_sizing_from_environment" time="0.015" /><testcase classname="tests.infrastructure.test_db_infrastructure.TestCreateDbEngine" name="test_null_pool_override" time="0.012" /><testcase classname="tests.infrastructure.test_db_infrastructure.TestCreateDbEngine" name="test_invalid_pool_env_falls_back_to_defaults" time="0.020" /><testcase classname="tests.infrastructure.test_db_infrastructure.TestPostgreSQLManager" name="test_default_is_sqlite_fallback" time="0.015" /><testcase classname="tests.infrastructure.test_db_infrastructure.TestPostgreSQLManager" name="test_postgres_url_detected" time="0.014" /><testcase classname="tests.infrastructure.test_db_infrastructure.TestPostgreSQLManager" name="test_health_check_on_in_memory_sqlite" time="0.015" /><testcase classname="tests.infrastructure.test_db_infrastructure.TestPostgreSQLManager" name="test_health_check_false_when_unreachable" time="10.107" /><testcase classname="tests.infrastructure.test_db_infrastructure.TestPostgreSQLManager" name="test_connect_returns_working_connection" time="0.033" /><testcase classname="tests.infrastructure.test_db_infrastructure.TestRedisCache" name="test_build_redis_url_defaults" time="0.021" /><testcase classname="tests.infrastructure.test_db_infrastructure.TestRedisCache" name="test_build_redis_url_from_redis_url_env" time="0.021" /><testcase classname="tests.infrastructure.test_db_infrastructure.TestRedisCache" name="test_build_redis_url_with_password" time="0.015" /><testcase classname="tests.infrastructure.test_db_infrastructure.TestRedisCache" name="test_client_has_socket_timeouts" time="0.018" /><testcase classname="tests.infrastructure.test_db_infrastructure.TestRedisCache" name="test_health_check_false_when_unreachable" time="2.045" /><testcase classname="tests.infrastructure.test_db_infrastructure.TestRedisCache" name="test_ping_alias" time="2.021" /><testcase classname="tests.infrastructure.test_db_infrastructure.TestRedisCache" name="test_legacy_host_port_attributes" time="0.009" /><testcase classname="tests.infrastructure.test_db_infrastructure.TestRedisCache" name="test_close_is_safe_when_never_connected" time="0.005" /><testcase classname="tests.infrastructure.test_dependencies" name="test_dependencies" time="0.002" /><testcase classname="tests.infrastructure.test_environment" name="test_environment" time="0.002" /><testcase classname="tests.infrastructure.test_health" name="test_health" time="0.003" /><testcase classname="tests.infrastructure.test_health_router" name="test_health" time="4.058" /><testcase classname="tests.infrastructure.test_integration_services.TestPostgresIntegration" name="test_connectivity_and_select" time="0.002"><skipped type="pytest.skip" message="TEST_POSTGRES_URL not set; PostgreSQL integration test skipped">C:\Users\ASUS\Desktop\ai-financial-analyst\tests\infrastructure\test_integration_services.py:56: TEST_POSTGRES_URL not set; PostgreSQL integration test skipped</skipped></testcase><testcase classname="tests.infrastructure.test_integration_services.TestPostgresIntegration" name="test_engine_uses_pre_ping_pool" time="0.002"><skipped type="pytest.skip" message="TEST_POSTGRES_URL not set; PostgreSQL integration test skipped">C:\Users\ASUS\Desktop\ai-financial-analyst\tests\infrastructure\test_integration_services.py:63: TEST_POSTGRES_URL not set; PostgreSQL integration test skipped</skipped></testcase><testcase classname="tests.infrastructure.test_integration_services.TestPostgresIntegration" name="test_connection_survives_pool_recycle_cycle" time="0.002"><skipped type="pytest.skip" message="TEST_POSTGRES_URL not set; PostgreSQL integration test skipped">C:\Users\ASUS\Desktop\ai-financial-analyst\tests\infrastructure\test_integration_services.py:67: TEST_POSTGRES_URL not set; PostgreSQL integration test skipped</skipped></testcase><testcase classname="tests.infrastructure.test_integration_services.TestPostgresIntegration" name="test_chat_schema_creates_and_persists_on_postgres" time="0.002"><skipped type="pytest.skip" message="TEST_POSTGRES_URL not set; PostgreSQL integration test skipped">C:\Users\ASUS\Desktop\ai-financial-analyst\tests\infrastructure\test_integration_services.py:73: TEST_POSTGRES_URL not set; PostgreSQL integration test skipped</skipped></testcase><testcase classname="tests.infrastructure.test_integration_services.TestRedisIntegration" name="test_ping" time="0.002"><skipped type="pytest.skip" message="TEST_REDIS_URL not set; Redis integration test skipped">C:\Users\ASUS\Desktop\ai-financial-analyst\tests\infrastructure\test_integration_services.py:113: TEST_REDIS_URL not set; Redis integration test skipped</skipped></testcase><testcase classname="tests.infrastructure.test_integration_services.TestRedisIntegration" name="test_round_trip" time="0.001"><skipped type="pytest.skip" message="TEST_REDIS_URL not set; Redis integration test skipped">C:\Users\ASUS\Desktop\ai-financial-analyst\tests\infrastructure\test_integration_services.py:116: TEST_REDIS_URL not set; Redis integration test skipped</skipped></testcase><testcase classname="tests.infrastructure.test_integration_services.TestRedisIntegration" name="test_rate_limiter_distributed_increment" time="0.002"><skipped type="pytest.skip" message="TEST_REDIS_URL not set; Redis integration test skipped">C:\Users\ASUS\Desktop\ai-financial-analyst\tests\infrastructure\test_integration_services.py:122: TEST_REDIS_URL not set; Redis integration test skipped</skipped></testcase><testcase classname="tests.infrastructure.test_integration_services.TestRedisIntegration" name="test_chat_cache_round_trip" time="0.001"><skipped type="pytest.skip" message="TEST_REDIS_URL not set; Redis integration test skipped">C:\Users\ASUS\Desktop\ai-financial-analyst\tests\infrastructure\test_integration_services.py:139: TEST_REDIS_URL not set; Redis integration test skipped</skipped></testcase><testcase classname="tests.infrastructure.test_integration_services.TestRedisIntegration" name="test_chat_store_uses_redis_cache" time="0.004"><skipped type="pytest.skip" message="TEST_REDIS_URL not set; Redis integration test skipped">C:\Users\ASUS\Desktop\ai-financial-analyst\tests\infrastructure\test_integration_services.py:148: TEST_REDIS_URL not set; Redis integration test skipped</skipped></testcase><testcase classname="tests.infrastructure.test_lifecycle_health.TestContainerLifecycle" name="test_health_reports_each_component_independently" time="0.002" /><testcase classname="tests.infrastructure.test_lifecycle_health.TestContainerLifecycle" name="test_close_disposes_database_and_closes_cache" time="0.002" /><testcase classname="tests.infrastructure.test_lifecycle_health.TestContainerLifecycle" name="test_shutdown_with_real_container_does_not_raise" time="0.005" /><testcase classname="tests.infrastructure.test_lifecycle_health.TestContainerLifecycle" name="test_shutdown_is_idempotent" time="0.005" /><testcase classname="tests.infrastructure.test_lifecycle_health.TestHealthRouter" name="test_reports_healthy_when_critical_components_up" time="0.017" /><testcase classname="tests.infrastructure.test_lifecycle_health.TestHealthRouter" name="test_reports_degraded_when_database_down" time="0.017" /><testcase classname="tests.infrastructure.test_lifecycle_health.TestHealthRouter" name="test_never_raises_on_container_failure" time="0.019" /><testcase classname="tests.infrastructure.test_lifecycle_health.TestHealthRouter" name="test_health_status_defaults_preserved" time="0.003" /><testcase classname="tests.infrastructure.test_lifecycle_health.TestRateLimiterRedisRecovery" name="test_increment_failure_drops_client_for_reconnect" time="43.553" /><testcase classname="tests.infrastructure.test_lifecycle_health.TestRateLimiterRedisRecovery" name="test_no_reconnect_before_cooldown" time="0.004" /><testcase classname="tests.infrastructure.test_lifecycle_health.TestRateLimiterRedisRecovery" name="test_reconnects_after_cooldown" time="0.004" /><testcase classname="tests.infrastructure.test_lifecycle_health.TestRateLimiterRedisRecovery" name="test_hybrid_limiter_recovers_to_redis_after_outage" time="0.012" /><testcase classname="tests.infrastructure.test_lifecycle_health.TestRateLimiterRedisRecovery" name="test_hybrid_limiter_falls_back_when_redis_dies" time="0.010" /><testcase classname="tests.infrastructure.test_lifecycle_health.TestRateLimiterRedisRecovery" name="test_local_backend_still_healthy" time="0.004" /><testcase classname="tests.infrastructure.test_lifecycle_health.TestAppEngineLifecycle" name="test_chat_engines_are_cached_and_disposable" time="0.033" /><testcase classname="tests.infrastructure.test_lifecycle_health.TestAppEngineLifecycle" name="test_chat_sqlite_file_gets_wal_pragmas" time="0.049" /><testcase classname="tests.infrastructure.test_lifecycle_health.TestAppEngineLifecycle" name="test_auth_engines_are_cached_and_disposable" time="0.028" /><testcase classname="tests.infrastructure.test_lifecycle_health.TestAppEngineLifecycle" name="test_chat_store_works_end_to_end_on_sqlite" time="0.234" /><testcase classname="tests.infrastructure.test_lifecycle_health.TestDockerWiring" name="test_app_uses_postgres_for_all_stores" time="0.063" /><testcase classname="tests.infrastructure.test_lifecycle_health.TestDockerWiring" name="test_app_wired_to_redis" time="0.055" /><testcase classname="tests.infrastructure.test_lifecycle_health.TestDockerWiring" name="test_app_waits_for_healthy_dependencies" time="0.035" /><testcase classname="tests.infrastructure.test_lifecycle_health.TestDockerWiring" name="test_datastores_have_healthchecks_and_persistence" time="0.047" /><testcase classname="tests.infrastructure.test_lifecycle_health.TestDockerWiring" name="test_app_has_healthcheck" time="0.020" /><testcase classname="tests.infrastructure.test_lifespan" name="test_lifespan[asyncio]" time="0.033" /><testcase classname="tests.infrastructure.test_logging" name="test_logging" time="0.034" /><testcase classname="tests.infrastructure.test_middleware" name="test_middleware" time="0.039" /><testcase classname="tests.infrastructure.test_postgres" name="test_postgres" time="0.008" /><testcase classname="tests.infrastructure.test_redis_cache" name="test_redis" time="4.013" /><testcase classname="tests.infrastructure.test_request_id" name="test_request_id" time="0.005" /><testcase classname="tests.infrastructure.test_shutdown" name="test_shutdown" time="0.011" /><testcase classname="tests.infrastructure.test_startup" name="test_startup" time="0.013" /></testsuite></testsuites>